2024-07-22T09:32:50.678+05:30  INFO 3308 --- [OnlineBankingApplication] [restartedMain] c.s.bankingapp.OnlineBankingApplication  : Starting OnlineBankingApplication using Java 17.0.10 with PID 3308 (D:\Spring boot projects\OnlineBankingApplication\target\classes started by SHUBHAM in D:\Spring boot projects\OnlineBankingApplication)
2024-07-22T09:32:50.686+05:30  INFO 3308 --- [OnlineBankingApplication] [restartedMain] c.s.bankingapp.OnlineBankingApplication  : No active profile set, falling back to 1 default profile: "default"
2024-07-22T09:32:50.764+05:30  INFO 3308 --- [OnlineBankingApplication] [restartedMain] .e.DevToolsPropertyDefaultsPostProcessor : Devtools property defaults active! Set 'spring.devtools.add-properties' to 'false' to disable
2024-07-22T09:32:50.765+05:30  INFO 3308 --- [OnlineBankingApplication] [restartedMain] .e.DevToolsPropertyDefaultsPostProcessor : For additional web related logging consider setting the 'logging.level.web' property to 'DEBUG'
2024-07-22T09:32:52.183+05:30  INFO 3308 --- [OnlineBankingApplication] [restartedMain] .s.d.r.c.RepositoryConfigurationDelegate : Bootstrapping Spring Data JPA repositories in DEFAULT mode.
2024-07-22T09:32:52.413+05:30  INFO 3308 --- [OnlineBankingApplication] [restartedMain] .s.d.r.c.RepositoryConfigurationDelegate : Finished Spring Data repository scanning in 218 ms. Found 3 JPA repository interfaces.
2024-07-22T09:32:53.632+05:30  INFO 3308 --- [OnlineBankingApplication] [restartedMain] o.s.b.w.embedded.tomcat.TomcatWebServer  : Tomcat initialized with port 9092 (http)
2024-07-22T09:32:53.651+05:30  INFO 3308 --- [OnlineBankingApplication] [restartedMain] o.apache.catalina.core.StandardService   : Starting service [Tomcat]
2024-07-22T09:32:53.651+05:30  INFO 3308 --- [OnlineBankingApplication] [restartedMain] o.apache.catalina.core.StandardEngine    : Starting Servlet engine: [Apache Tomcat/10.1.24]
2024-07-22T09:32:53.748+05:30  INFO 3308 --- [OnlineBankingApplication] [restartedMain] o.a.c.c.C.[Tomcat].[localhost].[/]       : Initializing Spring embedded WebApplicationContext
2024-07-22T09:32:53.749+05:30  INFO 3308 --- [OnlineBankingApplication] [restartedMain] w.s.c.ServletWebServerApplicationContext : Root WebApplicationContext: initialization completed in 2982 ms
2024-07-22T09:32:54.138+05:30  INFO 3308 --- [OnlineBankingApplication] [restartedMain] o.hibernate.jpa.internal.util.LogHelper  : HHH000204: Processing PersistenceUnitInfo [name: default]
2024-07-22T09:32:54.212+05:30  INFO 3308 --- [OnlineBankingApplication] [restartedMain] org.hibernate.Version                    : HHH000412: Hibernate ORM core version 6.5.2.Final
2024-07-22T09:32:54.263+05:30  INFO 3308 --- [OnlineBankingApplication] [restartedMain] o.h.c.internal.RegionFactoryInitiator    : HHH000026: Second-level cache disabled
2024-07-22T09:32:54.608+05:30  INFO 3308 --- [OnlineBankingApplication] [restartedMain] o.s.o.j.p.SpringPersistenceUnitInfo      : No LoadTimeWeaver setup: ignoring JPA class transformer
2024-07-22T09:32:54.660+05:30  INFO 3308 --- [OnlineBankingApplication] [restartedMain] com.zaxxer.hikari.HikariDataSource       : HikariPool-1 - Starting...
2024-07-22T09:32:54.964+05:30  INFO 3308 --- [OnlineBankingApplication] [restartedMain] com.zaxxer.hikari.pool.HikariPool        : HikariPool-1 - Added connection com.mysql.cj.jdbc.ConnectionImpl@3425cc42
2024-07-22T09:32:54.966+05:30  INFO 3308 --- [OnlineBankingApplication] [restartedMain] com.zaxxer.hikari.HikariDataSource       : HikariPool-1 - Start completed.
2024-07-22T09:32:56.059+05:30  INFO 3308 --- [OnlineBankingApplication] [restartedMain] o.h.e.t.j.p.i.JtaPlatformInitiator       : HHH000489: No JTA platform available (set 'hibernate.transaction.jta.platform' to enable JTA platform integration)
2024-07-22T09:32:56.154+05:30  INFO 3308 --- [OnlineBankingApplication] [restartedMain] j.LocalContainerEntityManagerFactoryBean : Initialized JPA EntityManagerFactory for persistence unit 'default'
2024-07-22T09:32:56.976+05:30  INFO 3308 --- [OnlineBankingApplication] [restartedMain] o.s.d.j.r.query.QueryEnhancerFactory     : Hibernate is in classpath; If applicable, HQL parser will be used.
2024-07-22T09:32:57.559+05:30  WARN 3308 --- [OnlineBankingApplication] [restartedMain] JpaBaseConfiguration$JpaWebConfiguration : spring.jpa.open-in-view is enabled by default. Therefore, database queries may be performed during view rendering. Explicitly configure spring.jpa.open-in-view to disable this warning
2024-07-22T09:32:57.613+05:30  INFO 3308 --- [OnlineBankingApplication] [restartedMain] o.s.b.a.w.s.WelcomePageHandlerMapping    : Adding welcome page template: index
2024-07-22T09:32:57.914+05:30  WARN 3308 --- [OnlineBankingApplication] [restartedMain] o.thymeleaf.templatemode.TemplateMode    : [THYMELEAF][restartedMain] Unknown Template Mode 'HTML5'. Must be one of: 'HTML', 'XML', 'TEXT', 'JAVASCRIPT', 'CSS', 'RAW'. Using default Template Mode 'HTML'.
2024-07-22T09:32:58.470+05:30  INFO 3308 --- [OnlineBankingApplication] [restartedMain] o.s.b.d.a.OptionalLiveReloadServer       : LiveReload server is running on port 35729
2024-07-22T09:32:58.483+05:30  INFO 3308 --- [OnlineBankingApplication] [restartedMain] o.s.b.a.e.web.EndpointLinksResolver      : Exposing 1 endpoint beneath base path '/actuator'
2024-07-22T09:32:58.610+05:30  INFO 3308 --- [OnlineBankingApplication] [restartedMain] o.s.b.w.embedded.tomcat.TomcatWebServer  : Tomcat started on port 9092 (http) with context path '/'
2024-07-22T09:32:58.629+05:30  INFO 3308 --- [OnlineBankingApplication] [restartedMain] c.s.bankingapp.OnlineBankingApplication  : Started OnlineBankingApplication in 8.434 seconds (process running for 9.592)
2024-07-22T09:32:59.229+05:30  INFO 3308 --- [OnlineBankingApplication] [RMI TCP Connection(3)-127.0.0.1] o.a.c.c.C.[Tomcat].[localhost].[/]       : Initializing Spring DispatcherServlet 'dispatcherServlet'
2024-07-22T09:32:59.229+05:30  INFO 3308 --- [OnlineBankingApplication] [RMI TCP Connection(3)-127.0.0.1] o.s.web.servlet.DispatcherServlet        : Initializing Servlet 'dispatcherServlet'
2024-07-22T09:32:59.231+05:30  INFO 3308 --- [OnlineBankingApplication] [RMI TCP Connection(3)-127.0.0.1] o.s.web.servlet.DispatcherServlet        : Completed initialization in 2 ms
2024-07-22T09:37:40.350+05:30  INFO 3308 --- [OnlineBankingApplication] [RMI TCP Connection(9)-127.0.0.1] inMXBeanRegistrar$SpringApplicationAdmin : Application shutdown requested.
2024-07-22T09:37:40.394+05:30  INFO 3308 --- [OnlineBankingApplication] [RMI TCP Connection(9)-127.0.0.1] j.LocalContainerEntityManagerFactoryBean : Closing JPA EntityManagerFactory for persistence unit 'default'
2024-07-22T09:37:40.397+05:30  INFO 3308 --- [OnlineBankingApplication] [RMI TCP Connection(9)-127.0.0.1] com.zaxxer.hikari.HikariDataSource       : HikariPool-1 - Shutdown initiated...
2024-07-22T09:37:40.410+05:30  INFO 3308 --- [OnlineBankingApplication] [RMI TCP Connection(9)-127.0.0.1] com.zaxxer.hikari.HikariDataSource       : HikariPool-1 - Shutdown completed.
2024-07-22T09:37:59.166+05:30  INFO 18668 --- [OnlineBankingApplication] [restartedMain] c.s.bankingapp.OnlineBankingApplication  : Starting OnlineBankingApplication using Java 17.0.10 with PID 18668 (D:\Spring boot projects\OnlineBankingApplication\target\classes started by SHUBHAM in D:\Spring boot projects\OnlineBankingApplication)
2024-07-22T09:37:59.168+05:30  INFO 18668 --- [OnlineBankingApplication] [restartedMain] c.s.bankingapp.OnlineBankingApplication  : No active profile set, falling back to 1 default profile: "default"
2024-07-22T09:37:59.213+05:30  INFO 18668 --- [OnlineBankingApplication] [restartedMain] .e.DevToolsPropertyDefaultsPostProcessor : Devtools property defaults active! Set 'spring.devtools.add-properties' to 'false' to disable
2024-07-22T09:37:59.213+05:30  INFO 18668 --- [OnlineBankingApplication] [restartedMain] .e.DevToolsPropertyDefaultsPostProcessor : For additional web related logging consider setting the 'logging.level.web' property to 'DEBUG'
2024-07-22T09:38:00.038+05:30  INFO 18668 --- [OnlineBankingApplication] [restartedMain] .s.d.r.c.RepositoryConfigurationDelegate : Bootstrapping Spring Data JPA repositories in DEFAULT mode.
2024-07-22T09:38:00.169+05:30  INFO 18668 --- [OnlineBankingApplication] [restartedMain] .s.d.r.c.RepositoryConfigurationDelegate : Finished Spring Data repository scanning in 124 ms. Found 3 JPA repository interfaces.
2024-07-22T09:38:00.830+05:30  INFO 18668 --- [OnlineBankingApplication] [restartedMain] o.s.b.w.embedded.tomcat.TomcatWebServer  : Tomcat initialized with port 9092 (http)
2024-07-22T09:38:00.840+05:30  INFO 18668 --- [OnlineBankingApplication] [restartedMain] o.apache.catalina.core.StandardService   : Starting service [Tomcat]
2024-07-22T09:38:00.841+05:30  INFO 18668 --- [OnlineBankingApplication] [restartedMain] o.apache.catalina.core.StandardEngine    : Starting Servlet engine: [Apache Tomcat/10.1.24]
2024-07-22T09:38:00.893+05:30  INFO 18668 --- [OnlineBankingApplication] [restartedMain] o.a.c.c.C.[Tomcat].[localhost].[/]       : Initializing Spring embedded WebApplicationContext
2024-07-22T09:38:00.894+05:30  INFO 18668 --- [OnlineBankingApplication] [restartedMain] w.s.c.ServletWebServerApplicationContext : Root WebApplicationContext: initialization completed in 1680 ms
2024-07-22T09:38:01.182+05:30  INFO 18668 --- [OnlineBankingApplication] [restartedMain] o.hibernate.jpa.internal.util.LogHelper  : HHH000204: Processing PersistenceUnitInfo [name: default]
2024-07-22T09:38:01.251+05:30  INFO 18668 --- [OnlineBankingApplication] [restartedMain] org.hibernate.Version                    : HHH000412: Hibernate ORM core version 6.5.2.Final
2024-07-22T09:38:01.290+05:30  INFO 18668 --- [OnlineBankingApplication] [restartedMain] o.h.c.internal.RegionFactoryInitiator    : HHH000026: Second-level cache disabled
2024-07-22T09:38:01.563+05:30  INFO 18668 --- [OnlineBankingApplication] [restartedMain] o.s.o.j.p.SpringPersistenceUnitInfo      : No LoadTimeWeaver setup: ignoring JPA class transformer
2024-07-22T09:38:01.590+05:30  INFO 18668 --- [OnlineBankingApplication] [restartedMain] com.zaxxer.hikari.HikariDataSource       : HikariPool-1 - Starting...
2024-07-22T09:38:01.855+05:30  INFO 18668 --- [OnlineBankingApplication] [restartedMain] com.zaxxer.hikari.pool.HikariPool        : HikariPool-1 - Added connection com.mysql.cj.jdbc.ConnectionImpl@4c701c70
2024-07-22T09:38:01.857+05:30  INFO 18668 --- [OnlineBankingApplication] [restartedMain] com.zaxxer.hikari.HikariDataSource       : HikariPool-1 - Start completed.
2024-07-22T09:38:02.722+05:30  INFO 18668 --- [OnlineBankingApplication] [restartedMain] o.h.e.t.j.p.i.JtaPlatformInitiator       : HHH000489: No JTA platform available (set 'hibernate.transaction.jta.platform' to enable JTA platform integration)
2024-07-22T09:38:02.796+05:30  INFO 18668 --- [OnlineBankingApplication] [restartedMain] j.LocalContainerEntityManagerFactoryBean : Initialized JPA EntityManagerFactory for persistence unit 'default'
2024-07-22T09:38:03.292+05:30  INFO 18668 --- [OnlineBankingApplication] [restartedMain] o.s.d.j.r.query.QueryEnhancerFactory     : Hibernate is in classpath; If applicable, HQL parser will be used.
2024-07-22T09:38:03.792+05:30  WARN 18668 --- [OnlineBankingApplication] [restartedMain] JpaBaseConfiguration$JpaWebConfiguration : spring.jpa.open-in-view is enabled by default. Therefore, database queries may be performed during view rendering. Explicitly configure spring.jpa.open-in-view to disable this warning
2024-07-22T09:38:03.850+05:30  INFO 18668 --- [OnlineBankingApplication] [restartedMain] o.s.b.a.w.s.WelcomePageHandlerMapping    : Adding welcome page template: index
2024-07-22T09:38:04.169+05:30  WARN 18668 --- [OnlineBankingApplication] [restartedMain] o.thymeleaf.templatemode.TemplateMode    : [THYMELEAF][restartedMain] Unknown Template Mode 'HTML5'. Must be one of: 'HTML', 'XML', 'TEXT', 'JAVASCRIPT', 'CSS', 'RAW'. Using default Template Mode 'HTML'.
2024-07-22T09:38:04.784+05:30  INFO 18668 --- [OnlineBankingApplication] [restartedMain] o.s.b.d.a.OptionalLiveReloadServer       : LiveReload server is running on port 35729
2024-07-22T09:38:04.798+05:30  INFO 18668 --- [OnlineBankingApplication] [restartedMain] o.s.b.a.e.web.EndpointLinksResolver      : Exposing 1 endpoint beneath base path '/actuator'
2024-07-22T09:38:04.931+05:30  INFO 18668 --- [OnlineBankingApplication] [restartedMain] o.s.b.w.embedded.tomcat.TomcatWebServer  : Tomcat started on port 9092 (http) with context path '/'
2024-07-22T09:38:04.948+05:30  INFO 18668 --- [OnlineBankingApplication] [restartedMain] c.s.bankingapp.OnlineBankingApplication  : Started OnlineBankingApplication in 6.095 seconds (process running for 6.808)
2024-07-22T09:38:05.808+05:30  INFO 18668 --- [OnlineBankingApplication] [RMI TCP Connection(3)-127.0.0.1] o.a.c.c.C.[Tomcat].[localhost].[/]       : Initializing Spring DispatcherServlet 'dispatcherServlet'
2024-07-22T09:38:05.809+05:30  INFO 18668 --- [OnlineBankingApplication] [RMI TCP Connection(3)-127.0.0.1] o.s.web.servlet.DispatcherServlet        : Initializing Servlet 'dispatcherServlet'
2024-07-22T09:38:05.813+05:30  INFO 18668 --- [OnlineBankingApplication] [RMI TCP Connection(3)-127.0.0.1] o.s.web.servlet.DispatcherServlet        : Completed initialization in 4 ms
2024-07-22T09:38:20.162+05:30 DEBUG 18668 --- [OnlineBankingApplication] [http-nio-9092-exec-8] org.hibernate.SQL                        : select c1_0.id,ao1_0.id,ao1_0.account_type,ao1_0.address,ao1_0.balance,ao1_0.date_of_birth,ao1_0.email,ao1_0.full_name,ao1_0.initial_deposit,ao1_0.nominee_details,ao1_0.phone_number,ao1_0.preferred_branch,ao1_0.reference_number,c1_0.email,c1_0.password,c1_0.username from customer c1_0 left join account_opening ao1_0 on c1_0.id=ao1_0.customer_id where c1_0.email=?
2024-07-22T09:38:20.289+05:30 DEBUG 18668 --- [OnlineBankingApplication] [http-nio-9092-exec-9] org.hibernate.SQL                        : select ao1_0.id,ao1_0.account_type,ao1_0.address,ao1_0.balance,ao1_0.customer_id,ao1_0.date_of_birth,ao1_0.email,ao1_0.full_name,ao1_0.initial_deposit,ao1_0.nominee_details,ao1_0.phone_number,ao1_0.preferred_branch,ao1_0.reference_number from account_opening ao1_0 where ao1_0.id=?
2024-07-22T09:38:59.925+05:30 DEBUG 18668 --- [OnlineBankingApplication] [http-nio-9092-exec-3] org.hibernate.SQL                        : select ao1_0.id,ao1_0.account_type,ao1_0.address,ao1_0.balance,ao1_0.customer_id,ao1_0.date_of_birth,ao1_0.email,ao1_0.full_name,ao1_0.initial_deposit,ao1_0.nominee_details,ao1_0.phone_number,ao1_0.preferred_branch,ao1_0.reference_number from account_opening ao1_0 where ao1_0.id=?
2024-07-22T09:38:59.960+05:30 DEBUG 18668 --- [OnlineBankingApplication] [http-nio-9092-exec-3] org.hibernate.SQL                        : update account_opening set account_type=?,address=?,balance=?,customer_id=?,date_of_birth=?,email=?,full_name=?,initial_deposit=?,nominee_details=?,phone_number=?,preferred_branch=?,reference_number=? where id=?
2024-07-22T09:38:59.985+05:30 DEBUG 18668 --- [OnlineBankingApplication] [http-nio-9092-exec-3] org.hibernate.SQL                        : insert into transaction (customer_id,amount,card_holder_name,card_number,cvv,expiry_date,payment_method) values (?,?,?,?,?,?,?)
2024-07-22T09:41:46.952+05:30 DEBUG 18668 --- [OnlineBankingApplication] [http-nio-9092-exec-9] org.hibernate.SQL                        : select ao1_0.id,ao1_0.account_type,ao1_0.address,ao1_0.balance,ao1_0.customer_id,ao1_0.date_of_birth,ao1_0.email,ao1_0.full_name,ao1_0.initial_deposit,ao1_0.nominee_details,ao1_0.phone_number,ao1_0.preferred_branch,ao1_0.reference_number from account_opening ao1_0 where ao1_0.id=?
2024-07-22T09:41:46.960+05:30 DEBUG 18668 --- [OnlineBankingApplication] [http-nio-9092-exec-9] org.hibernate.SQL                        : update account_opening set account_type=?,address=?,balance=?,customer_id=?,date_of_birth=?,email=?,full_name=?,initial_deposit=?,nominee_details=?,phone_number=?,preferred_branch=?,reference_number=? where id=?
2024-07-22T09:41:46.969+05:30 DEBUG 18668 --- [OnlineBankingApplication] [http-nio-9092-exec-9] org.hibernate.SQL                        : insert into transaction (customer_id,amount,card_holder_name,card_number,cvv,expiry_date,payment_method) values (?,?,?,?,?,?,?)
2024-07-22T09:41:53.383+05:30 DEBUG 18668 --- [OnlineBankingApplication] [http-nio-9092-exec-4] org.hibernate.SQL                        : select ao1_0.id,ao1_0.account_type,ao1_0.address,ao1_0.balance,ao1_0.customer_id,ao1_0.date_of_birth,ao1_0.email,ao1_0.full_name,ao1_0.initial_deposit,ao1_0.nominee_details,ao1_0.phone_number,ao1_0.preferred_branch,ao1_0.reference_number from account_opening ao1_0 where ao1_0.id=?
2024-07-22T09:41:59.798+05:30  INFO 18668 --- [OnlineBankingApplication] [RMI TCP Connection(8)-127.0.0.1] inMXBeanRegistrar$SpringApplicationAdmin : Application shutdown requested.
2024-07-22T09:41:59.833+05:30  INFO 18668 --- [OnlineBankingApplication] [RMI TCP Connection(8)-127.0.0.1] j.LocalContainerEntityManagerFactoryBean : Closing JPA EntityManagerFactory for persistence unit 'default'
2024-07-22T09:41:59.836+05:30  INFO 18668 --- [OnlineBankingApplication] [RMI TCP Connection(8)-127.0.0.1] com.zaxxer.hikari.HikariDataSource       : HikariPool-1 - Shutdown initiated...
2024-07-22T09:41:59.848+05:30  INFO 18668 --- [OnlineBankingApplication] [RMI TCP Connection(8)-127.0.0.1] com.zaxxer.hikari.HikariDataSource       : HikariPool-1 - Shutdown completed.
2024-07-22T09:42:05.105+05:30  INFO 2788 --- [OnlineBankingApplication] [restartedMain] c.s.bankingapp.OnlineBankingApplication  : Starting OnlineBankingApplication using Java 17.0.10 with PID 2788 (D:\Spring boot projects\OnlineBankingApplication\target\classes started by SHUBHAM in D:\Spring boot projects\OnlineBankingApplication)
2024-07-22T09:42:05.108+05:30  INFO 2788 --- [OnlineBankingApplication] [restartedMain] c.s.bankingapp.OnlineBankingApplication  : No active profile set, falling back to 1 default profile: "default"
2024-07-22T09:42:05.148+05:30  INFO 2788 --- [OnlineBankingApplication] [restartedMain] .e.DevToolsPropertyDefaultsPostProcessor : Devtools property defaults active! Set 'spring.devtools.add-properties' to 'false' to disable
2024-07-22T09:42:05.149+05:30  INFO 2788 --- [OnlineBankingApplication] [restartedMain] .e.DevToolsPropertyDefaultsPostProcessor : For additional web related logging consider setting the 'logging.level.web' property to 'DEBUG'
2024-07-22T09:42:05.950+05:30  INFO 2788 --- [OnlineBankingApplication] [restartedMain] .s.d.r.c.RepositoryConfigurationDelegate : Bootstrapping Spring Data JPA repositories in DEFAULT mode.
2024-07-22T09:42:06.084+05:30  INFO 2788 --- [OnlineBankingApplication] [restartedMain] .s.d.r.c.RepositoryConfigurationDelegate : Finished Spring Data repository scanning in 126 ms. Found 3 JPA repository interfaces.
2024-07-22T09:42:06.655+05:30  INFO 2788 --- [OnlineBankingApplication] [restartedMain] o.s.b.w.embedded.tomcat.TomcatWebServer  : Tomcat initialized with port 9092 (http)
2024-07-22T09:42:06.665+05:30  INFO 2788 --- [OnlineBankingApplication] [restartedMain] o.apache.catalina.core.StandardService   : Starting service [Tomcat]
2024-07-22T09:42:06.665+05:30  INFO 2788 --- [OnlineBankingApplication] [restartedMain] o.apache.catalina.core.StandardEngine    : Starting Servlet engine: [Apache Tomcat/10.1.24]
2024-07-22T09:42:06.717+05:30  INFO 2788 --- [OnlineBankingApplication] [restartedMain] o.a.c.c.C.[Tomcat].[localhost].[/]       : Initializing Spring embedded WebApplicationContext
2024-07-22T09:42:06.718+05:30  INFO 2788 --- [OnlineBankingApplication] [restartedMain] w.s.c.ServletWebServerApplicationContext : Root WebApplicationContext: initialization completed in 1568 ms
2024-07-22T09:42:06.988+05:30  INFO 2788 --- [OnlineBankingApplication] [restartedMain] o.hibernate.jpa.internal.util.LogHelper  : HHH000204: Processing PersistenceUnitInfo [name: default]
2024-07-22T09:42:07.034+05:30  INFO 2788 --- [OnlineBankingApplication] [restartedMain] org.hibernate.Version                    : HHH000412: Hibernate ORM core version 6.5.2.Final
2024-07-22T09:42:07.069+05:30  INFO 2788 --- [OnlineBankingApplication] [restartedMain] o.h.c.internal.RegionFactoryInitiator    : HHH000026: Second-level cache disabled
2024-07-22T09:42:07.287+05:30  INFO 2788 --- [OnlineBankingApplication] [restartedMain] o.s.o.j.p.SpringPersistenceUnitInfo      : No LoadTimeWeaver setup: ignoring JPA class transformer
2024-07-22T09:42:07.308+05:30  INFO 2788 --- [OnlineBankingApplication] [restartedMain] com.zaxxer.hikari.HikariDataSource       : HikariPool-1 - Starting...
2024-07-22T09:42:07.582+05:30  INFO 2788 --- [OnlineBankingApplication] [restartedMain] com.zaxxer.hikari.pool.HikariPool        : HikariPool-1 - Added connection com.mysql.cj.jdbc.ConnectionImpl@63f524b3
2024-07-22T09:42:07.584+05:30  INFO 2788 --- [OnlineBankingApplication] [restartedMain] com.zaxxer.hikari.HikariDataSource       : HikariPool-1 - Start completed.
2024-07-22T09:42:08.559+05:30  INFO 2788 --- [OnlineBankingApplication] [restartedMain] o.h.e.t.j.p.i.JtaPlatformInitiator       : HHH000489: No JTA platform available (set 'hibernate.transaction.jta.platform' to enable JTA platform integration)
2024-07-22T09:42:08.648+05:30  INFO 2788 --- [OnlineBankingApplication] [restartedMain] j.LocalContainerEntityManagerFactoryBean : Initialized JPA EntityManagerFactory for persistence unit 'default'
2024-07-22T09:42:09.544+05:30  INFO 2788 --- [OnlineBankingApplication] [restartedMain] o.s.d.j.r.query.QueryEnhancerFactory     : Hibernate is in classpath; If applicable, HQL parser will be used.
2024-07-22T09:42:09.964+05:30  WARN 2788 --- [OnlineBankingApplication] [restartedMain] JpaBaseConfiguration$JpaWebConfiguration : spring.jpa.open-in-view is enabled by default. Therefore, database queries may be performed during view rendering. Explicitly configure spring.jpa.open-in-view to disable this warning
2024-07-22T09:42:10.011+05:30  INFO 2788 --- [OnlineBankingApplication] [restartedMain] o.s.b.a.w.s.WelcomePageHandlerMapping    : Adding welcome page template: index
2024-07-22T09:42:10.310+05:30  WARN 2788 --- [OnlineBankingApplication] [restartedMain] o.thymeleaf.templatemode.TemplateMode    : [THYMELEAF][restartedMain] Unknown Template Mode 'HTML5'. Must be one of: 'HTML', 'XML', 'TEXT', 'JAVASCRIPT', 'CSS', 'RAW'. Using default Template Mode 'HTML'.
2024-07-22T09:42:10.800+05:30  INFO 2788 --- [OnlineBankingApplication] [restartedMain] o.s.b.d.a.OptionalLiveReloadServer       : LiveReload server is running on port 35729
2024-07-22T09:42:10.813+05:30  INFO 2788 --- [OnlineBankingApplication] [restartedMain] o.s.b.a.e.web.EndpointLinksResolver      : Exposing 1 endpoint beneath base path '/actuator'
2024-07-22T09:42:10.956+05:30  INFO 2788 --- [OnlineBankingApplication] [restartedMain] o.s.b.w.embedded.tomcat.TomcatWebServer  : Tomcat started on port 9092 (http) with context path '/'
2024-07-22T09:42:10.974+05:30  INFO 2788 --- [OnlineBankingApplication] [restartedMain] c.s.bankingapp.OnlineBankingApplication  : Started OnlineBankingApplication in 6.171 seconds (process running for 6.874)
2024-07-22T09:42:11.200+05:30  INFO 2788 --- [OnlineBankingApplication] [http-nio-9092-exec-1] o.a.c.c.C.[Tomcat].[localhost].[/]       : Initializing Spring DispatcherServlet 'dispatcherServlet'
2024-07-22T09:42:11.201+05:30  INFO 2788 --- [OnlineBankingApplication] [http-nio-9092-exec-1] o.s.web.servlet.DispatcherServlet        : Initializing Servlet 'dispatcherServlet'
2024-07-22T09:42:11.203+05:30  INFO 2788 --- [OnlineBankingApplication] [http-nio-9092-exec-1] o.s.web.servlet.DispatcherServlet        : Completed initialization in 2 ms
2024-07-22T09:42:49.214+05:30 DEBUG 2788 --- [OnlineBankingApplication] [http-nio-9092-exec-3] org.hibernate.SQL                        : select c1_0.id from customer c1_0 where c1_0.username=? limit ?
2024-07-22T09:42:49.225+05:30 DEBUG 2788 --- [OnlineBankingApplication] [http-nio-9092-exec-3] org.hibernate.SQL                        : select c1_0.id from customer c1_0 where c1_0.email=? limit ?
2024-07-22T09:42:49.328+05:30 DEBUG 2788 --- [OnlineBankingApplication] [http-nio-9092-exec-3] org.hibernate.SQL                        : insert into customer (email,password,username) values (?,?,?)
2024-07-22T09:43:03.520+05:30 DEBUG 2788 --- [OnlineBankingApplication] [http-nio-9092-exec-8] org.hibernate.SQL                        : select c1_0.id,ao1_0.id,ao1_0.account_type,ao1_0.address,ao1_0.balance,ao1_0.date_of_birth,ao1_0.email,ao1_0.full_name,ao1_0.initial_deposit,ao1_0.nominee_details,ao1_0.phone_number,ao1_0.preferred_branch,ao1_0.reference_number,c1_0.email,c1_0.password,c1_0.username from customer c1_0 left join account_opening ao1_0 on c1_0.id=ao1_0.customer_id where c1_0.email=?
2024-07-22T09:44:38.781+05:30 DEBUG 2788 --- [OnlineBankingApplication] [http-nio-9092-exec-2] org.hibernate.SQL                        : select c1_0.id,c1_0.email,c1_0.password,c1_0.username from customer c1_0 where c1_0.email=?
2024-07-22T09:44:38.789+05:30 DEBUG 2788 --- [OnlineBankingApplication] [http-nio-9092-exec-2] org.hibernate.SQL                        : select ao1_0.id,ao1_0.account_type,ao1_0.address,ao1_0.balance,ao1_0.customer_id,ao1_0.date_of_birth,ao1_0.email,ao1_0.full_name,ao1_0.initial_deposit,ao1_0.nominee_details,ao1_0.phone_number,ao1_0.preferred_branch,ao1_0.reference_number from account_opening ao1_0 where ao1_0.customer_id=?
2024-07-22T09:44:38.791+05:30 DEBUG 2788 --- [OnlineBankingApplication] [http-nio-9092-exec-2] org.hibernate.SQL                        : insert into account_opening (account_type,address,balance,customer_id,date_of_birth,email,full_name,initial_deposit,nominee_details,phone_number,preferred_branch,reference_number) values (?,?,?,?,?,?,?,?,?,?,?,?)
2024-07-22T09:44:42.928+05:30 DEBUG 2788 --- [OnlineBankingApplication] [http-nio-9092-exec-4] org.hibernate.SQL                        : select ao1_0.id,ao1_0.account_type,ao1_0.address,ao1_0.balance,ao1_0.customer_id,ao1_0.date_of_birth,ao1_0.email,ao1_0.full_name,ao1_0.initial_deposit,ao1_0.nominee_details,ao1_0.phone_number,ao1_0.preferred_branch,ao1_0.reference_number from account_opening ao1_0 where ao1_0.id=?
2024-07-22T09:44:44.874+05:30 DEBUG 2788 --- [OnlineBankingApplication] [http-nio-9092-exec-5] org.hibernate.SQL                        : select ao1_0.id,ao1_0.account_type,ao1_0.address,ao1_0.balance,ao1_0.customer_id,ao1_0.date_of_birth,ao1_0.email,ao1_0.full_name,ao1_0.initial_deposit,ao1_0.nominee_details,ao1_0.phone_number,ao1_0.preferred_branch,ao1_0.reference_number from account_opening ao1_0 where ao1_0.id=?
2024-07-22T09:47:25.412+05:30 DEBUG 2788 --- [OnlineBankingApplication] [http-nio-9092-exec-4] org.hibernate.SQL                        : select ao1_0.id,ao1_0.account_type,ao1_0.address,ao1_0.balance,ao1_0.customer_id,ao1_0.date_of_birth,ao1_0.email,ao1_0.full_name,ao1_0.initial_deposit,ao1_0.nominee_details,ao1_0.phone_number,ao1_0.preferred_branch,ao1_0.reference_number from account_opening ao1_0 where ao1_0.id=?
2024-07-22T09:47:25.434+05:30 DEBUG 2788 --- [OnlineBankingApplication] [http-nio-9092-exec-4] org.hibernate.SQL                        : update account_opening set account_type=?,address=?,balance=?,customer_id=?,date_of_birth=?,email=?,full_name=?,initial_deposit=?,nominee_details=?,phone_number=?,preferred_branch=?,reference_number=? where id=?
2024-07-22T09:47:25.446+05:30 DEBUG 2788 --- [OnlineBankingApplication] [http-nio-9092-exec-4] org.hibernate.SQL                        : insert into transaction (customer_id,amount,card_holder_name,card_number,cvv,expiry_date,payment_method) values (?,?,?,?,?,?,?)
2024-07-22T09:47:30.467+05:30 DEBUG 2788 --- [OnlineBankingApplication] [http-nio-9092-exec-7] org.hibernate.SQL                        : select ao1_0.id,ao1_0.account_type,ao1_0.address,ao1_0.balance,ao1_0.customer_id,ao1_0.date_of_birth,ao1_0.email,ao1_0.full_name,ao1_0.initial_deposit,ao1_0.nominee_details,ao1_0.phone_number,ao1_0.preferred_branch,ao1_0.reference_number from account_opening ao1_0 where ao1_0.id=?
2024-07-22T09:47:31.604+05:30 DEBUG 2788 --- [OnlineBankingApplication] [http-nio-9092-exec-6] org.hibernate.SQL                        : select t1_0.id,t1_0.customer_id,t1_0.amount,t1_0.card_holder_name,t1_0.card_number,t1_0.cvv,t1_0.expiry_date,t1_0.payment_method from transaction t1_0 where t1_0.customer_id=?
2024-07-22T09:47:31.610+05:30 DEBUG 2788 --- [OnlineBankingApplication] [http-nio-9092-exec-6] org.hibernate.SQL                        : select ao1_0.id,ao1_0.account_type,ao1_0.address,ao1_0.balance,ao1_0.customer_id,ao1_0.date_of_birth,ao1_0.email,ao1_0.full_name,ao1_0.initial_deposit,ao1_0.nominee_details,ao1_0.phone_number,ao1_0.preferred_branch,ao1_0.reference_number from account_opening ao1_0 where ao1_0.id=?
2024-07-22T09:48:40.184+05:30 DEBUG 2788 --- [OnlineBankingApplication] [http-nio-9092-exec-9] org.hibernate.SQL                        : select t1_0.id,t1_0.customer_id,t1_0.amount,t1_0.card_holder_name,t1_0.card_number,t1_0.cvv,t1_0.expiry_date,t1_0.payment_method from transaction t1_0 where t1_0.customer_id=?
2024-07-22T09:48:40.186+05:30 DEBUG 2788 --- [OnlineBankingApplication] [http-nio-9092-exec-9] org.hibernate.SQL                        : select ao1_0.id,ao1_0.account_type,ao1_0.address,ao1_0.balance,ao1_0.customer_id,ao1_0.date_of_birth,ao1_0.email,ao1_0.full_name,ao1_0.initial_deposit,ao1_0.nominee_details,ao1_0.phone_number,ao1_0.preferred_branch,ao1_0.reference_number from account_opening ao1_0 where ao1_0.id=?
2024-07-22T09:48:40.969+05:30 DEBUG 2788 --- [OnlineBankingApplication] [http-nio-9092-exec-1] org.hibernate.SQL                        : select t1_0.id,t1_0.customer_id,t1_0.amount,t1_0.card_holder_name,t1_0.card_number,t1_0.cvv,t1_0.expiry_date,t1_0.payment_method from transaction t1_0 where t1_0.customer_id=?
2024-07-22T09:48:40.972+05:30 DEBUG 2788 --- [OnlineBankingApplication] [http-nio-9092-exec-1] org.hibernate.SQL                        : select ao1_0.id,ao1_0.account_type,ao1_0.address,ao1_0.balance,ao1_0.customer_id,ao1_0.date_of_birth,ao1_0.email,ao1_0.full_name,ao1_0.initial_deposit,ao1_0.nominee_details,ao1_0.phone_number,ao1_0.preferred_branch,ao1_0.reference_number from account_opening ao1_0 where ao1_0.id=?
2024-07-22T09:48:41.111+05:30 DEBUG 2788 --- [OnlineBankingApplication] [http-nio-9092-exec-3] org.hibernate.SQL                        : select t1_0.id,t1_0.customer_id,t1_0.amount,t1_0.card_holder_name,t1_0.card_number,t1_0.cvv,t1_0.expiry_date,t1_0.payment_method from transaction t1_0 where t1_0.customer_id=?
2024-07-22T09:48:41.113+05:30 DEBUG 2788 --- [OnlineBankingApplication] [http-nio-9092-exec-3] org.hibernate.SQL                        : select ao1_0.id,ao1_0.account_type,ao1_0.address,ao1_0.balance,ao1_0.customer_id,ao1_0.date_of_birth,ao1_0.email,ao1_0.full_name,ao1_0.initial_deposit,ao1_0.nominee_details,ao1_0.phone_number,ao1_0.preferred_branch,ao1_0.reference_number from account_opening ao1_0 where ao1_0.id=?
2024-07-22T09:48:41.275+05:30 DEBUG 2788 --- [OnlineBankingApplication] [http-nio-9092-exec-2] org.hibernate.SQL                        : select t1_0.id,t1_0.customer_id,t1_0.amount,t1_0.card_holder_name,t1_0.card_number,t1_0.cvv,t1_0.expiry_date,t1_0.payment_method from transaction t1_0 where t1_0.customer_id=?
2024-07-22T09:48:41.277+05:30 DEBUG 2788 --- [OnlineBankingApplication] [http-nio-9092-exec-2] org.hibernate.SQL                        : select ao1_0.id,ao1_0.account_type,ao1_0.address,ao1_0.balance,ao1_0.customer_id,ao1_0.date_of_birth,ao1_0.email,ao1_0.full_name,ao1_0.initial_deposit,ao1_0.nominee_details,ao1_0.phone_number,ao1_0.preferred_branch,ao1_0.reference_number from account_opening ao1_0 where ao1_0.id=?
2024-07-22T09:48:41.689+05:30 DEBUG 2788 --- [OnlineBankingApplication] [http-nio-9092-exec-4] org.hibernate.SQL                        : select t1_0.id,t1_0.customer_id,t1_0.amount,t1_0.card_holder_name,t1_0.card_number,t1_0.cvv,t1_0.expiry_date,t1_0.payment_method from transaction t1_0 where t1_0.customer_id=?
2024-07-22T09:48:41.692+05:30 DEBUG 2788 --- [OnlineBankingApplication] [http-nio-9092-exec-4] org.hibernate.SQL                        : select ao1_0.id,ao1_0.account_type,ao1_0.address,ao1_0.balance,ao1_0.customer_id,ao1_0.date_of_birth,ao1_0.email,ao1_0.full_name,ao1_0.initial_deposit,ao1_0.nominee_details,ao1_0.phone_number,ao1_0.preferred_branch,ao1_0.reference_number from account_opening ao1_0 where ao1_0.id=?
2024-07-22T09:48:41.836+05:30 DEBUG 2788 --- [OnlineBankingApplication] [http-nio-9092-exec-5] org.hibernate.SQL                        : select t1_0.id,t1_0.customer_id,t1_0.amount,t1_0.card_holder_name,t1_0.card_number,t1_0.cvv,t1_0.expiry_date,t1_0.payment_method from transaction t1_0 where t1_0.customer_id=?
2024-07-22T09:48:41.838+05:30 DEBUG 2788 --- [OnlineBankingApplication] [http-nio-9092-exec-5] org.hibernate.SQL                        : select ao1_0.id,ao1_0.account_type,ao1_0.address,ao1_0.balance,ao1_0.customer_id,ao1_0.date_of_birth,ao1_0.email,ao1_0.full_name,ao1_0.initial_deposit,ao1_0.nominee_details,ao1_0.phone_number,ao1_0.preferred_branch,ao1_0.reference_number from account_opening ao1_0 where ao1_0.id=?
2024-07-22T09:48:41.978+05:30 DEBUG 2788 --- [OnlineBankingApplication] [http-nio-9092-exec-7] org.hibernate.SQL                        : select t1_0.id,t1_0.customer_id,t1_0.amount,t1_0.card_holder_name,t1_0.card_number,t1_0.cvv,t1_0.expiry_date,t1_0.payment_method from transaction t1_0 where t1_0.customer_id=?
2024-07-22T09:48:41.980+05:30 DEBUG 2788 --- [OnlineBankingApplication] [http-nio-9092-exec-7] org.hibernate.SQL                        : select ao1_0.id,ao1_0.account_type,ao1_0.address,ao1_0.balance,ao1_0.customer_id,ao1_0.date_of_birth,ao1_0.email,ao1_0.full_name,ao1_0.initial_deposit,ao1_0.nominee_details,ao1_0.phone_number,ao1_0.preferred_branch,ao1_0.reference_number from account_opening ao1_0 where ao1_0.id=?
2024-07-22T09:48:42.124+05:30 DEBUG 2788 --- [OnlineBankingApplication] [http-nio-9092-exec-6] org.hibernate.SQL                        : select t1_0.id,t1_0.customer_id,t1_0.amount,t1_0.card_holder_name,t1_0.card_number,t1_0.cvv,t1_0.expiry_date,t1_0.payment_method from transaction t1_0 where t1_0.customer_id=?
2024-07-22T09:48:42.125+05:30 DEBUG 2788 --- [OnlineBankingApplication] [http-nio-9092-exec-6] org.hibernate.SQL                        : select ao1_0.id,ao1_0.account_type,ao1_0.address,ao1_0.balance,ao1_0.customer_id,ao1_0.date_of_birth,ao1_0.email,ao1_0.full_name,ao1_0.initial_deposit,ao1_0.nominee_details,ao1_0.phone_number,ao1_0.preferred_branch,ao1_0.reference_number from account_opening ao1_0 where ao1_0.id=?
2024-07-22T09:48:48.528+05:30  INFO 2788 --- [OnlineBankingApplication] [RMI TCP Connection(11)-127.0.0.1] inMXBeanRegistrar$SpringApplicationAdmin : Application shutdown requested.
2024-07-22T09:48:48.555+05:30  INFO 2788 --- [OnlineBankingApplication] [RMI TCP Connection(11)-127.0.0.1] j.LocalContainerEntityManagerFactoryBean : Closing JPA EntityManagerFactory for persistence unit 'default'
2024-07-22T09:48:48.558+05:30  INFO 2788 --- [OnlineBankingApplication] [RMI TCP Connection(11)-127.0.0.1] com.zaxxer.hikari.HikariDataSource       : HikariPool-1 - Shutdown initiated...
2024-07-22T09:48:48.570+05:30  INFO 2788 --- [OnlineBankingApplication] [RMI TCP Connection(11)-127.0.0.1] com.zaxxer.hikari.HikariDataSource       : HikariPool-1 - Shutdown completed.
2024-07-22T09:48:54.826+05:30  INFO 4628 --- [OnlineBankingApplication] [restartedMain] c.s.bankingapp.OnlineBankingApplication  : Starting OnlineBankingApplication using Java 17.0.10 with PID 4628 (D:\Spring boot projects\OnlineBankingApplication\target\classes started by SHUBHAM in D:\Spring boot projects\OnlineBankingApplication)
2024-07-22T09:48:54.828+05:30  INFO 4628 --- [OnlineBankingApplication] [restartedMain] c.s.bankingapp.OnlineBankingApplication  : No active profile set, falling back to 1 default profile: "default"
2024-07-22T09:48:54.869+05:30  INFO 4628 --- [OnlineBankingApplication] [restartedMain] .e.DevToolsPropertyDefaultsPostProcessor : Devtools property defaults active! Set 'spring.devtools.add-properties' to 'false' to disable
2024-07-22T09:48:54.869+05:30  INFO 4628 --- [OnlineBankingApplication] [restartedMain] .e.DevToolsPropertyDefaultsPostProcessor : For additional web related logging consider setting the 'logging.level.web' property to 'DEBUG'
2024-07-22T09:48:55.644+05:30  INFO 4628 --- [OnlineBankingApplication] [restartedMain] .s.d.r.c.RepositoryConfigurationDelegate : Bootstrapping Spring Data JPA repositories in DEFAULT mode.
2024-07-22T09:48:55.776+05:30  INFO 4628 --- [OnlineBankingApplication] [restartedMain] .s.d.r.c.RepositoryConfigurationDelegate : Finished Spring Data repository scanning in 126 ms. Found 3 JPA repository interfaces.
2024-07-22T09:48:56.345+05:30  INFO 4628 --- [OnlineBankingApplication] [restartedMain] o.s.b.w.embedded.tomcat.TomcatWebServer  : Tomcat initialized with port 9092 (http)
2024-07-22T09:48:56.353+05:30  INFO 4628 --- [OnlineBankingApplication] [restartedMain] o.apache.catalina.core.StandardService   : Starting service [Tomcat]
2024-07-22T09:48:56.354+05:30  INFO 4628 --- [OnlineBankingApplication] [restartedMain] o.apache.catalina.core.StandardEngine    : Starting Servlet engine: [Apache Tomcat/10.1.24]
2024-07-22T09:48:56.401+05:30  INFO 4628 --- [OnlineBankingApplication] [restartedMain] o.a.c.c.C.[Tomcat].[localhost].[/]       : Initializing Spring embedded WebApplicationContext
2024-07-22T09:48:56.401+05:30  INFO 4628 --- [OnlineBankingApplication] [restartedMain] w.s.c.ServletWebServerApplicationContext : Root WebApplicationContext: initialization completed in 1532 ms
2024-07-22T09:48:56.653+05:30  INFO 4628 --- [OnlineBankingApplication] [restartedMain] o.hibernate.jpa.internal.util.LogHelper  : HHH000204: Processing PersistenceUnitInfo [name: default]
2024-07-22T09:48:56.697+05:30  INFO 4628 --- [OnlineBankingApplication] [restartedMain] org.hibernate.Version                    : HHH000412: Hibernate ORM core version 6.5.2.Final
2024-07-22T09:48:56.731+05:30  INFO 4628 --- [OnlineBankingApplication] [restartedMain] o.h.c.internal.RegionFactoryInitiator    : HHH000026: Second-level cache disabled
2024-07-22T09:48:56.945+05:30  INFO 4628 --- [OnlineBankingApplication] [restartedMain] o.s.o.j.p.SpringPersistenceUnitInfo      : No LoadTimeWeaver setup: ignoring JPA class transformer
2024-07-22T09:48:56.968+05:30  INFO 4628 --- [OnlineBankingApplication] [restartedMain] com.zaxxer.hikari.HikariDataSource       : HikariPool-1 - Starting...
2024-07-22T09:48:57.244+05:30  INFO 4628 --- [OnlineBankingApplication] [restartedMain] com.zaxxer.hikari.pool.HikariPool        : HikariPool-1 - Added connection com.mysql.cj.jdbc.ConnectionImpl@6021dc90
2024-07-22T09:48:57.246+05:30  INFO 4628 --- [OnlineBankingApplication] [restartedMain] com.zaxxer.hikari.HikariDataSource       : HikariPool-1 - Start completed.
2024-07-22T09:48:58.221+05:30  INFO 4628 --- [OnlineBankingApplication] [restartedMain] o.h.e.t.j.p.i.JtaPlatformInitiator       : HHH000489: No JTA platform available (set 'hibernate.transaction.jta.platform' to enable JTA platform integration)
2024-07-22T09:48:58.300+05:30  INFO 4628 --- [OnlineBankingApplication] [restartedMain] j.LocalContainerEntityManagerFactoryBean : Initialized JPA EntityManagerFactory for persistence unit 'default'
2024-07-22T09:48:58.846+05:30  INFO 4628 --- [OnlineBankingApplication] [restartedMain] o.s.d.j.r.query.QueryEnhancerFactory     : Hibernate is in classpath; If applicable, HQL parser will be used.
2024-07-22T09:48:59.297+05:30  WARN 4628 --- [OnlineBankingApplication] [restartedMain] JpaBaseConfiguration$JpaWebConfiguration : spring.jpa.open-in-view is enabled by default. Therefore, database queries may be performed during view rendering. Explicitly configure spring.jpa.open-in-view to disable this warning
2024-07-22T09:48:59.346+05:30  INFO 4628 --- [OnlineBankingApplication] [restartedMain] o.s.b.a.w.s.WelcomePageHandlerMapping    : Adding welcome page template: index
2024-07-22T09:48:59.593+05:30  WARN 4628 --- [OnlineBankingApplication] [restartedMain] o.thymeleaf.templatemode.TemplateMode    : [THYMELEAF][restartedMain] Unknown Template Mode 'HTML5'. Must be one of: 'HTML', 'XML', 'TEXT', 'JAVASCRIPT', 'CSS', 'RAW'. Using default Template Mode 'HTML'.
2024-07-22T09:49:00.114+05:30  INFO 4628 --- [OnlineBankingApplication] [restartedMain] o.s.b.d.a.OptionalLiveReloadServer       : LiveReload server is running on port 35729
2024-07-22T09:49:00.124+05:30  INFO 4628 --- [OnlineBankingApplication] [restartedMain] o.s.b.a.e.web.EndpointLinksResolver      : Exposing 1 endpoint beneath base path '/actuator'
2024-07-22T09:49:00.200+05:30  INFO 4628 --- [OnlineBankingApplication] [restartedMain] o.s.b.w.embedded.tomcat.TomcatWebServer  : Tomcat started on port 9092 (http) with context path '/'
2024-07-22T09:49:00.214+05:30  INFO 4628 --- [OnlineBankingApplication] [restartedMain] c.s.bankingapp.OnlineBankingApplication  : Started OnlineBankingApplication in 5.693 seconds (process running for 6.375)
2024-07-22T09:49:00.437+05:30  INFO 4628 --- [OnlineBankingApplication] [http-nio-9092-exec-1] o.a.c.c.C.[Tomcat].[localhost].[/]       : Initializing Spring DispatcherServlet 'dispatcherServlet'
2024-07-22T09:49:00.437+05:30  INFO 4628 --- [OnlineBankingApplication] [http-nio-9092-exec-1] o.s.web.servlet.DispatcherServlet        : Initializing Servlet 'dispatcherServlet'
2024-07-22T09:49:00.438+05:30  INFO 4628 --- [OnlineBankingApplication] [http-nio-9092-exec-1] o.s.web.servlet.DispatcherServlet        : Completed initialization in 1 ms
2024-07-22T09:49:34.955+05:30 DEBUG 4628 --- [OnlineBankingApplication] [http-nio-9092-exec-3] org.hibernate.SQL                        : select c1_0.id from customer c1_0 where c1_0.username=? limit ?
2024-07-22T09:49:34.967+05:30 DEBUG 4628 --- [OnlineBankingApplication] [http-nio-9092-exec-3] org.hibernate.SQL                        : select c1_0.id from customer c1_0 where c1_0.email=? limit ?
2024-07-22T09:49:35.073+05:30 DEBUG 4628 --- [OnlineBankingApplication] [http-nio-9092-exec-3] org.hibernate.SQL                        : insert into customer (email,password,username) values (?,?,?)
2024-07-22T09:49:48.460+05:30 DEBUG 4628 --- [OnlineBankingApplication] [http-nio-9092-exec-8] org.hibernate.SQL                        : select c1_0.id,ao1_0.id,ao1_0.account_type,ao1_0.address,ao1_0.balance,ao1_0.date_of_birth,ao1_0.email,ao1_0.full_name,ao1_0.initial_deposit,ao1_0.nominee_details,ao1_0.phone_number,ao1_0.preferred_branch,ao1_0.reference_number,c1_0.email,c1_0.password,c1_0.username from customer c1_0 left join account_opening ao1_0 on c1_0.id=ao1_0.customer_id where c1_0.email=?
2024-07-22T09:50:31.165+05:30 DEBUG 4628 --- [OnlineBankingApplication] [http-nio-9092-exec-2] org.hibernate.SQL                        : select c1_0.id,c1_0.email,c1_0.password,c1_0.username from customer c1_0 where c1_0.email=?
2024-07-22T09:50:31.172+05:30 DEBUG 4628 --- [OnlineBankingApplication] [http-nio-9092-exec-2] org.hibernate.SQL                        : select ao1_0.id,ao1_0.account_type,ao1_0.address,ao1_0.balance,ao1_0.customer_id,ao1_0.date_of_birth,ao1_0.email,ao1_0.full_name,ao1_0.initial_deposit,ao1_0.nominee_details,ao1_0.phone_number,ao1_0.preferred_branch,ao1_0.reference_number from account_opening ao1_0 where ao1_0.customer_id=?
2024-07-22T09:50:31.175+05:30 DEBUG 4628 --- [OnlineBankingApplication] [http-nio-9092-exec-2] org.hibernate.SQL                        : insert into account_opening (account_type,address,balance,customer_id,date_of_birth,email,full_name,initial_deposit,nominee_details,phone_number,preferred_branch,reference_number) values (?,?,?,?,?,?,?,?,?,?,?,?)
2024-07-22T09:50:32.370+05:30 DEBUG 4628 --- [OnlineBankingApplication] [http-nio-9092-exec-4] org.hibernate.SQL                        : select ao1_0.id,ao1_0.account_type,ao1_0.address,ao1_0.balance,ao1_0.customer_id,ao1_0.date_of_birth,ao1_0.email,ao1_0.full_name,ao1_0.initial_deposit,ao1_0.nominee_details,ao1_0.phone_number,ao1_0.preferred_branch,ao1_0.reference_number from account_opening ao1_0 where ao1_0.id=?
2024-07-22T09:50:33.208+05:30 DEBUG 4628 --- [OnlineBankingApplication] [http-nio-9092-exec-5] org.hibernate.SQL                        : select ao1_0.id,ao1_0.account_type,ao1_0.address,ao1_0.balance,ao1_0.customer_id,ao1_0.date_of_birth,ao1_0.email,ao1_0.full_name,ao1_0.initial_deposit,ao1_0.nominee_details,ao1_0.phone_number,ao1_0.preferred_branch,ao1_0.reference_number from account_opening ao1_0 where ao1_0.id=?
2024-07-22T09:51:06.392+05:30 DEBUG 4628 --- [OnlineBankingApplication] [http-nio-9092-exec-1] org.hibernate.SQL                        : select ao1_0.id,ao1_0.account_type,ao1_0.address,ao1_0.balance,ao1_0.customer_id,ao1_0.date_of_birth,ao1_0.email,ao1_0.full_name,ao1_0.initial_deposit,ao1_0.nominee_details,ao1_0.phone_number,ao1_0.preferred_branch,ao1_0.reference_number from account_opening ao1_0 where ao1_0.id=?
2024-07-22T09:51:06.407+05:30 DEBUG 4628 --- [OnlineBankingApplication] [http-nio-9092-exec-1] org.hibernate.SQL                        : update account_opening set account_type=?,address=?,balance=?,customer_id=?,date_of_birth=?,email=?,full_name=?,initial_deposit=?,nominee_details=?,phone_number=?,preferred_branch=?,reference_number=? where id=?
2024-07-22T09:51:06.418+05:30 DEBUG 4628 --- [OnlineBankingApplication] [http-nio-9092-exec-1] org.hibernate.SQL                        : insert into transaction (customer_id,amount,card_holder_name,card_number,cvv,expiry_date,payment_method) values (?,?,?,?,?,?,?)
2024-07-22T09:51:15.487+05:30 DEBUG 4628 --- [OnlineBankingApplication] [http-nio-9092-exec-5] org.hibernate.SQL                        : select ao1_0.id,ao1_0.account_type,ao1_0.address,ao1_0.balance,ao1_0.customer_id,ao1_0.date_of_birth,ao1_0.email,ao1_0.full_name,ao1_0.initial_deposit,ao1_0.nominee_details,ao1_0.phone_number,ao1_0.preferred_branch,ao1_0.reference_number from account_opening ao1_0 where ao1_0.id=?
2024-07-22T09:51:16.495+05:30 DEBUG 4628 --- [OnlineBankingApplication] [http-nio-9092-exec-7] org.hibernate.SQL                        : select t1_0.id,t1_0.customer_id,t1_0.amount,t1_0.card_holder_name,t1_0.card_number,t1_0.cvv,t1_0.expiry_date,t1_0.payment_method from transaction t1_0 where t1_0.customer_id=?
2024-07-22T09:51:16.499+05:30 DEBUG 4628 --- [OnlineBankingApplication] [http-nio-9092-exec-7] org.hibernate.SQL                        : select ao1_0.id,ao1_0.account_type,ao1_0.address,ao1_0.balance,ao1_0.customer_id,ao1_0.date_of_birth,ao1_0.email,ao1_0.full_name,ao1_0.initial_deposit,ao1_0.nominee_details,ao1_0.phone_number,ao1_0.preferred_branch,ao1_0.reference_number from account_opening ao1_0 where ao1_0.id=?
2024-07-22T09:51:31.063+05:30 DEBUG 4628 --- [OnlineBankingApplication] [http-nio-9092-exec-9] org.hibernate.SQL                        : select ao1_0.id,ao1_0.account_type,ao1_0.address,ao1_0.balance,ao1_0.customer_id,ao1_0.date_of_birth,ao1_0.email,ao1_0.full_name,ao1_0.initial_deposit,ao1_0.nominee_details,ao1_0.phone_number,ao1_0.preferred_branch,ao1_0.reference_number from account_opening ao1_0 where ao1_0.id=?
2024-07-22T09:51:33.660+05:30 DEBUG 4628 --- [OnlineBankingApplication] [http-nio-9092-exec-1] org.hibernate.SQL                        : select ao1_0.id,ao1_0.account_type,ao1_0.address,ao1_0.balance,ao1_0.customer_id,ao1_0.date_of_birth,ao1_0.email,ao1_0.full_name,ao1_0.initial_deposit,ao1_0.nominee_details,ao1_0.phone_number,ao1_0.preferred_branch,ao1_0.reference_number from account_opening ao1_0 where ao1_0.id=?
2024-07-22T09:51:34.287+05:30 DEBUG 4628 --- [OnlineBankingApplication] [http-nio-9092-exec-2] org.hibernate.SQL                        : select ao1_0.id,ao1_0.account_type,ao1_0.address,ao1_0.balance,ao1_0.customer_id,ao1_0.date_of_birth,ao1_0.email,ao1_0.full_name,ao1_0.initial_deposit,ao1_0.nominee_details,ao1_0.phone_number,ao1_0.preferred_branch,ao1_0.reference_number from account_opening ao1_0 where ao1_0.id=?
2024-07-22T09:52:41.206+05:30 DEBUG 4628 --- [OnlineBankingApplication] [http-nio-9092-exec-5] org.hibernate.SQL                        : select ao1_0.id,ao1_0.account_type,ao1_0.address,ao1_0.balance,ao1_0.customer_id,ao1_0.date_of_birth,ao1_0.email,ao1_0.full_name,ao1_0.initial_deposit,ao1_0.nominee_details,ao1_0.phone_number,ao1_0.preferred_branch,ao1_0.reference_number from account_opening ao1_0 where ao1_0.id=?
2024-07-22T09:52:42.200+05:30 DEBUG 4628 --- [OnlineBankingApplication] [http-nio-9092-exec-7] org.hibernate.SQL                        : select ao1_0.id,ao1_0.account_type,ao1_0.address,ao1_0.balance,ao1_0.customer_id,ao1_0.date_of_birth,ao1_0.email,ao1_0.full_name,ao1_0.initial_deposit,ao1_0.nominee_details,ao1_0.phone_number,ao1_0.preferred_branch,ao1_0.reference_number from account_opening ao1_0 where ao1_0.id=?
2024-07-22T09:52:50.925+05:30 DEBUG 4628 --- [OnlineBankingApplication] [http-nio-9092-exec-9] org.hibernate.SQL                        : select ao1_0.id,ao1_0.account_type,ao1_0.address,ao1_0.balance,ao1_0.customer_id,ao1_0.date_of_birth,ao1_0.email,ao1_0.full_name,ao1_0.initial_deposit,ao1_0.nominee_details,ao1_0.phone_number,ao1_0.preferred_branch,ao1_0.reference_number from account_opening ao1_0 where ao1_0.id=?
2024-07-22T09:52:51.401+05:30 DEBUG 4628 --- [OnlineBankingApplication] [http-nio-9092-exec-10] org.hibernate.SQL                        : select ao1_0.id,ao1_0.account_type,ao1_0.address,ao1_0.balance,ao1_0.customer_id,ao1_0.date_of_birth,ao1_0.email,ao1_0.full_name,ao1_0.initial_deposit,ao1_0.nominee_details,ao1_0.phone_number,ao1_0.preferred_branch,ao1_0.reference_number from account_opening ao1_0 where ao1_0.id=?
2024-07-22T09:52:52.049+05:30 DEBUG 4628 --- [OnlineBankingApplication] [http-nio-9092-exec-1] org.hibernate.SQL                        : select ao1_0.id,ao1_0.account_type,ao1_0.address,ao1_0.balance,ao1_0.customer_id,ao1_0.date_of_birth,ao1_0.email,ao1_0.full_name,ao1_0.initial_deposit,ao1_0.nominee_details,ao1_0.phone_number,ao1_0.preferred_branch,ao1_0.reference_number from account_opening ao1_0 where ao1_0.id=?
2024-07-22T09:52:59.747+05:30 DEBUG 4628 --- [OnlineBankingApplication] [http-nio-9092-exec-3] org.hibernate.SQL                        : select ao1_0.id,ao1_0.account_type,ao1_0.address,ao1_0.balance,ao1_0.customer_id,ao1_0.date_of_birth,ao1_0.email,ao1_0.full_name,ao1_0.initial_deposit,ao1_0.nominee_details,ao1_0.phone_number,ao1_0.preferred_branch,ao1_0.reference_number from account_opening ao1_0 where ao1_0.id=?
2024-07-22T09:53:00.179+05:30 DEBUG 4628 --- [OnlineBankingApplication] [http-nio-9092-exec-5] org.hibernate.SQL                        : select ao1_0.id,ao1_0.account_type,ao1_0.address,ao1_0.balance,ao1_0.customer_id,ao1_0.date_of_birth,ao1_0.email,ao1_0.full_name,ao1_0.initial_deposit,ao1_0.nominee_details,ao1_0.phone_number,ao1_0.preferred_branch,ao1_0.reference_number from account_opening ao1_0 where ao1_0.id=?
2024-07-22T09:53:17.839+05:30 DEBUG 4628 --- [OnlineBankingApplication] [http-nio-9092-exec-9] org.hibernate.SQL                        : select ao1_0.id,ao1_0.account_type,ao1_0.address,ao1_0.balance,ao1_0.customer_id,ao1_0.date_of_birth,ao1_0.email,ao1_0.full_name,ao1_0.initial_deposit,ao1_0.nominee_details,ao1_0.phone_number,ao1_0.preferred_branch,ao1_0.reference_number from account_opening ao1_0 where ao1_0.id=?
2024-07-22T09:53:17.848+05:30 DEBUG 4628 --- [OnlineBankingApplication] [http-nio-9092-exec-9] org.hibernate.SQL                        : update account_opening set account_type=?,address=?,balance=?,customer_id=?,date_of_birth=?,email=?,full_name=?,initial_deposit=?,nominee_details=?,phone_number=?,preferred_branch=?,reference_number=? where id=?
2024-07-22T09:53:17.855+05:30 DEBUG 4628 --- [OnlineBankingApplication] [http-nio-9092-exec-9] org.hibernate.SQL                        : insert into transaction (customer_id,amount,card_holder_name,card_number,cvv,expiry_date,payment_method) values (?,?,?,?,?,?,?)
2024-07-22T09:53:19.612+05:30 DEBUG 4628 --- [OnlineBankingApplication] [http-nio-9092-exec-4] org.hibernate.SQL                        : select ao1_0.id,ao1_0.account_type,ao1_0.address,ao1_0.balance,ao1_0.customer_id,ao1_0.date_of_birth,ao1_0.email,ao1_0.full_name,ao1_0.initial_deposit,ao1_0.nominee_details,ao1_0.phone_number,ao1_0.preferred_branch,ao1_0.reference_number from account_opening ao1_0 where ao1_0.id=?
2024-07-22T09:53:20.441+05:30 DEBUG 4628 --- [OnlineBankingApplication] [http-nio-9092-exec-3] org.hibernate.SQL                        : select ao1_0.id,ao1_0.account_type,ao1_0.address,ao1_0.balance,ao1_0.customer_id,ao1_0.date_of_birth,ao1_0.email,ao1_0.full_name,ao1_0.initial_deposit,ao1_0.nominee_details,ao1_0.phone_number,ao1_0.preferred_branch,ao1_0.reference_number from account_opening ao1_0 where ao1_0.id=?
2024-07-22T09:53:24.441+05:30 DEBUG 4628 --- [OnlineBankingApplication] [http-nio-9092-exec-5] org.hibernate.SQL                        : select t1_0.id,t1_0.customer_id,t1_0.amount,t1_0.card_holder_name,t1_0.card_number,t1_0.cvv,t1_0.expiry_date,t1_0.payment_method from transaction t1_0 where t1_0.customer_id=?
2024-07-22T09:53:24.444+05:30 DEBUG 4628 --- [OnlineBankingApplication] [http-nio-9092-exec-5] org.hibernate.SQL                        : select ao1_0.id,ao1_0.account_type,ao1_0.address,ao1_0.balance,ao1_0.customer_id,ao1_0.date_of_birth,ao1_0.email,ao1_0.full_name,ao1_0.initial_deposit,ao1_0.nominee_details,ao1_0.phone_number,ao1_0.preferred_branch,ao1_0.reference_number from account_opening ao1_0 where ao1_0.id=?
2024-07-22T09:53:29.329+05:30 DEBUG 4628 --- [OnlineBankingApplication] [http-nio-9092-exec-6] org.hibernate.SQL                        : select ao1_0.id,ao1_0.account_type,ao1_0.address,ao1_0.balance,ao1_0.customer_id,ao1_0.date_of_birth,ao1_0.email,ao1_0.full_name,ao1_0.initial_deposit,ao1_0.nominee_details,ao1_0.phone_number,ao1_0.preferred_branch,ao1_0.reference_number from account_opening ao1_0 where ao1_0.id=?
2024-07-22T09:53:37.265+05:30  INFO 4628 --- [OnlineBankingApplication] [RMI TCP Connection(9)-127.0.0.1] inMXBeanRegistrar$SpringApplicationAdmin : Application shutdown requested.
2024-07-22T09:53:37.295+05:30  INFO 4628 --- [OnlineBankingApplication] [RMI TCP Connection(9)-127.0.0.1] j.LocalContainerEntityManagerFactoryBean : Closing JPA EntityManagerFactory for persistence unit 'default'
2024-07-22T09:53:37.298+05:30  INFO 4628 --- [OnlineBankingApplication] [RMI TCP Connection(9)-127.0.0.1] com.zaxxer.hikari.HikariDataSource       : HikariPool-1 - Shutdown initiated...
2024-07-22T09:53:37.320+05:30  INFO 4628 --- [OnlineBankingApplication] [RMI TCP Connection(9)-127.0.0.1] com.zaxxer.hikari.HikariDataSource       : HikariPool-1 - Shutdown completed.
